2025-03-08 18:21:51,147 - INFO - package: mysql.connector.plugins
2025-03-08 18:21:51,148 - INFO - plugin_name: caching_sha2_password
2025-03-08 18:21:51,148 - INFO - AUTHENTICATION_PLUGIN_CLASS: MySQLCachingSHA2PasswordAuthPlugin
2025-03-08 18:21:51,159 - INFO - package: mysql.connector.plugins
2025-03-08 18:21:51,159 - INFO - plugin_name: mysql_native_password
2025-03-08 18:21:51,162 - INFO - AUTHENTICATION_PLUGIN_CLASS: MySQLNativePasswordAuthPlugin
2025-03-08 18:21:51,254 - INFO - 插入数据: {'水位(m)': 3.01, '压力(MPa)': 0.77, '流量(m\xb3/s)': 41.45}
2025-03-08 18:21:52,390 - INFO - 插入数据: {'水位(m)': 8.6, '压力(MPa)': 1.72, '流量(m\xb3/s)': 49.91}
2025-03-08 18:21:53,518 - INFO - 插入数据: {'水位(m)': 1.08, '压力(MPa)': 1.85, '流量(m\xb3/s)': 35.9}
2025-03-08 18:21:54,661 - INFO - 插入数据: {'水位(m)': 1.19, '压力(MPa)': 1.83, '流量(m\xb3/s)': 15.23}
2025-03-08 18:21:55,796 - INFO - 插入数据: {'水位(m)': 2.61, '压力(MPa)': 0.54, '流量(m\xb3/s)': 31.1}
2025-03-08 18:21:56,922 - INFO - 插入数据: {'水位(m)': 5.16, '压力(MPa)': 1.19, '流量(m\xb3/s)': 28.23}
2025-03-08 18:21:58,046 - INFO - 插入数据: {'水位(m)': 5.97, '压力(MPa)': 0.66, '流量(m\xb3/s)': 39.96}
2025-03-08 18:21:59,177 - INFO - 插入数据: {'水位(m)': 8.74, '压力(MPa)': 0.59, '流量(m\xb3/s)': 34.94}
2025-03-08 18:22:00,314 - INFO - 插入数据: {'水位(m)': 7.87, '压力(MPa)': 1.86, '流量(m\xb3/s)': 39.89}
2025-03-08 18:22:01,443 - INFO - 插入数据: {'水位(m)': 9.31, '压力(MPa)': 0.7, '流量(m\xb3/s)': 15.04}
2025-03-08 18:22:02,567 - INFO - 插入数据: {'水位(m)': 2.19, '压力(MPa)': 0.63, '流量(m\xb3/s)': 38.92}
2025-03-08 18:22:03,696 - INFO - 插入数据: {'水位(m)': 4.57, '压力(MPa)': 1.6, '流量(m\xb3/s)': 40.15}
2025-03-08 18:22:04,823 - INFO - 插入数据: {'水位(m)': 7.45, '压力(MPa)': 0.57, '流量(m\xb3/s)': 23.5}
2025-03-08 18:22:05,952 - INFO - 插入数据: {'水位(m)': 4.31, '压力(MPa)': 0.59, '流量(m\xb3/s)': 15.05}
